<?xml version="1.0" encoding="UTF-8"?>
<testsuite xmlns:xsi="http://www.w3.org/2001/XMLSchema-instance" xsi:noNamespaceSchemaLocation="https://maven.apache.org/surefire/maven-surefire-plugin/xsd/surefire-test-report.xsd" name="TestSuite" time="2.068" tests="3" errors="0" skipped="0" failures="3">
  <properties>
    <property name="java.specification.version" value="18"/>
    <property name="sun.cpu.isalist" value="amd64"/>
    <property name="sun.jnu.encoding" value="Cp1252"/>
    <property name="java.class.path" value="C:\Users\Prabhat Rai\Downloads\AgeCalculator\target\test-classes;C:\Users\Prabhat Rai\Downloads\AgeCalculator\target\classes;C:\Users\Prabhat Rai\.m2\repository\junit\junit\4.13\junit-4.13.jar;C:\Users\Prabhat Rai\.m2\repository\org\hamcrest\hamcrest-core\2.2\hamcrest-core-2.2.jar;C:\Users\Prabhat Rai\.m2\repository\org\hamcrest\hamcrest\2.2\hamcrest-2.2.jar;C:\Users\Prabhat Rai\.m2\repository\org\assertj\assertj-core\3.16.1\assertj-core-3.16.1.jar;C:\Users\Prabhat Rai\.m2\repository\org\hibernate\hibernate-validator\5.1.3.Final\hibernate-validator-5.1.3.Final.jar;C:\Users\Prabhat Rai\.m2\repository\javax\validation\validation-api\2.0.1.Final\validation-api-2.0.1.Final.jar;C:\Users\Prabhat Rai\.m2\repository\org\jboss\logging\jboss-logging\3.4.1.Final\jboss-logging-3.4.1.Final.jar;C:\Users\Prabhat Rai\.m2\repository\com\fasterxml\classmate\1.5.1\classmate-1.5.1.jar;C:\Users\Prabhat Rai\.m2\repository\org\springframework\spring-webmvc\5.2.7.RELEASE\spring-webmvc-5.2.7.RELEASE.jar;C:\Users\Prabhat Rai\.m2\repository\org\springframework\spring-aop\5.2.7.RELEASE\spring-aop-5.2.7.RELEASE.jar;C:\Users\Prabhat Rai\.m2\repository\org\springframework\spring-beans\5.2.7.RELEASE\spring-beans-5.2.7.RELEASE.jar;C:\Users\Prabhat Rai\.m2\repository\org\springframework\spring-context\5.2.7.RELEASE\spring-context-5.2.7.RELEASE.jar;C:\Users\Prabhat Rai\.m2\repository\org\springframework\spring-core\5.2.7.RELEASE\spring-core-5.2.7.RELEASE.jar;C:\Users\Prabhat Rai\.m2\repository\org\springframework\spring-jcl\5.2.7.RELEASE\spring-jcl-5.2.7.RELEASE.jar;C:\Users\Prabhat Rai\.m2\repository\org\springframework\spring-expression\5.2.7.RELEASE\spring-expression-5.2.7.RELEASE.jar;C:\Users\Prabhat Rai\.m2\repository\org\springframework\spring-web\5.2.7.RELEASE\spring-web-5.2.7.RELEASE.jar;C:\Users\Prabhat Rai\.m2\repository\javax\servlet\javax.servlet-api\4.0.1\javax.servlet-api-4.0.1.jar;C:\Users\Prabhat Rai\.m2\repository\javax\servlet\jstl\1.2\jstl-1.2.jar;C:\Users\Prabhat Rai\.m2\repository\org\mockito\mockito-all\1.10.19\mockito-all-1.10.19.jar;C:\Users\Prabhat Rai\.m2\repository\org\seleniumhq\selenium\selenium-java\3.141.59\selenium-java-3.141.59.jar;C:\Users\Prabhat Rai\.m2\repository\org\seleniumhq\selenium\selenium-api\3.141.59\selenium-api-3.141.59.jar;C:\Users\Prabhat Rai\.m2\repository\org\seleniumhq\selenium\selenium-chrome-driver\3.141.59\selenium-chrome-driver-3.141.59.jar;C:\Users\Prabhat Rai\.m2\repository\org\seleniumhq\selenium\selenium-edge-driver\3.141.59\selenium-edge-driver-3.141.59.jar;C:\Users\Prabhat Rai\.m2\repository\org\seleniumhq\selenium\selenium-firefox-driver\3.141.59\selenium-firefox-driver-3.141.59.jar;C:\Users\Prabhat Rai\.m2\repository\org\seleniumhq\selenium\selenium-ie-driver\3.141.59\selenium-ie-driver-3.141.59.jar;C:\Users\Prabhat Rai\.m2\repository\org\seleniumhq\selenium\selenium-opera-driver\3.141.59\selenium-opera-driver-3.141.59.jar;C:\Users\Prabhat Rai\.m2\repository\org\seleniumhq\selenium\selenium-remote-driver\3.141.59\selenium-remote-driver-3.141.59.jar;C:\Users\Prabhat Rai\.m2\repository\org\seleniumhq\selenium\selenium-safari-driver\3.141.59\selenium-safari-driver-3.141.59.jar;C:\Users\Prabhat Rai\.m2\repository\org\seleniumhq\selenium\selenium-support\3.141.59\selenium-support-3.141.59.jar;C:\Users\Prabhat Rai\.m2\repository\net\bytebuddy\byte-buddy\1.10.11\byte-buddy-1.10.11.jar;C:\Users\Prabhat Rai\.m2\repository\org\apache\commons\commons-exec\1.3\commons-exec-1.3.jar;C:\Users\Prabhat Rai\.m2\repository\com\google\guava\guava\25.0-jre\guava-25.0-jre.jar;C:\Users\Prabhat Rai\.m2\repository\com\google\code\findbugs\jsr305\1.3.9\jsr305-1.3.9.jar;C:\Users\Prabhat Rai\.m2\repository\org\checkerframework\checker-compat-qual\2.0.0\checker-compat-qual-2.0.0.jar;C:\Users\Prabhat Rai\.m2\repository\com\google\errorprone\error_prone_annotations\2.1.3\error_prone_annotations-2.1.3.jar;C:\Users\Prabhat Rai\.m2\repository\com\google\j2objc\j2objc-annotations\1.1\j2objc-annotations-1.1.jar;C:\Users\Prabhat Rai\.m2\repository\org\codehaus\mojo\animal-sniffer-annotations\1.14\animal-sniffer-annotations-1.14.jar;C:\Users\Prabhat Rai\.m2\repository\com\squareup\okhttp3\okhttp\3.14.9\okhttp-3.14.9.jar;C:\Users\Prabhat Rai\.m2\repository\com\squareup\okio\okio\1.14.0\okio-1.14.0.jar;C:\Users\Prabhat Rai\.m2\repository\org\seleniumhq\selenium\selenium-htmlunit-driver\2.52.0\selenium-htmlunit-driver-2.52.0.jar;C:\Users\Prabhat Rai\.m2\repository\net\sourceforge\htmlunit\htmlunit\2.40.0\htmlunit-2.40.0.jar;C:\Users\Prabhat Rai\.m2\repository\xalan\xalan\2.7.2\xalan-2.7.2.jar;C:\Users\Prabhat Rai\.m2\repository\xalan\serializer\2.7.2\serializer-2.7.2.jar;C:\Users\Prabhat Rai\.m2\repository\org\apache\commons\commons-lang3\3.10\commons-lang3-3.10.jar;C:\Users\Prabhat Rai\.m2\repository\org\apache\commons\commons-text\1.8\commons-text-1.8.jar;C:\Users\Prabhat Rai\.m2\repository\org\apache\httpcomponents\httpmime\4.5.12\httpmime-4.5.12.jar;C:\Users\Prabhat Rai\.m2\repository\net\sourceforge\htmlunit\htmlunit-core-js\2.40.0\htmlunit-core-js-2.40.0.jar;C:\Users\Prabhat Rai\.m2\repository\net\sourceforge\htmlunit\neko-htmlunit\2.40.0\neko-htmlunit-2.40.0.jar;C:\Users\Prabhat Rai\.m2\repository\xerces\xercesImpl\2.12.0\xercesImpl-2.12.0.jar;C:\Users\Prabhat Rai\.m2\repository\xml-apis\xml-apis\1.4.01\xml-apis-1.4.01.jar;C:\Users\Prabhat Rai\.m2\repository\net\sourceforge\htmlunit\htmlunit-cssparser\1.5.0\htmlunit-cssparser-1.5.0.jar;C:\Users\Prabhat Rai\.m2\repository\commons-io\commons-io\2.6\commons-io-2.6.jar;C:\Users\Prabhat Rai\.m2\repository\commons-net\commons-net\3.6\commons-net-3.6.jar;C:\Users\Prabhat Rai\.m2\repository\org\brotli\dec\0.1.2\dec-0.1.2.jar;C:\Users\Prabhat Rai\.m2\repository\com\shapesecurity\salvation\2.7.1\salvation-2.7.1.jar;C:\Users\Prabhat Rai\.m2\repository\org\eclipse\jetty\websocket\websocket-client\9.4.29.v20200521\websocket-client-9.4.29.v20200521.jar;C:\Users\Prabhat Rai\.m2\repository\org\eclipse\jetty\jetty-client\9.4.29.v20200521\jetty-client-9.4.29.v20200521.jar;C:\Users\Prabhat Rai\.m2\repository\org\eclipse\jetty\jetty-http\9.4.29.v20200521\jetty-http-9.4.29.v20200521.jar;C:\Users\Prabhat Rai\.m2\repository\org\eclipse\jetty\jetty-xml\9.4.29.v20200521\jetty-xml-9.4.29.v20200521.jar;C:\Users\Prabhat Rai\.m2\repository\org\eclipse\jetty\jetty-util\9.4.29.v20200521\jetty-util-9.4.29.v20200521.jar;C:\Users\Prabhat Rai\.m2\repository\org\eclipse\jetty\jetty-io\9.4.29.v20200521\jetty-io-9.4.29.v20200521.jar;C:\Users\Prabhat Rai\.m2\repository\org\eclipse\jetty\websocket\websocket-common\9.4.29.v20200521\websocket-common-9.4.29.v20200521.jar;C:\Users\Prabhat Rai\.m2\repository\org\eclipse\jetty\websocket\websocket-api\9.4.29.v20200521\websocket-api-9.4.29.v20200521.jar;C:\Users\Prabhat Rai\.m2\repository\commons-collections\commons-collections\3.2.2\commons-collections-3.2.2.jar;C:\Users\Prabhat Rai\.m2\repository\org\apache\httpcomponents\httpclient\4.5.12\httpclient-4.5.12.jar;C:\Users\Prabhat Rai\.m2\repository\org\apache\httpcomponents\httpcore\4.4.13\httpcore-4.4.13.jar;C:\Users\Prabhat Rai\.m2\repository\commons-codec\commons-codec\1.14\commons-codec-1.14.jar;C:\Users\Prabhat Rai\.m2\repository\org\testng\testng\6.9.10\testng-6.9.10.jar;C:\Users\Prabhat Rai\.m2\repository\com\beust\jcommander\1.48\jcommander-1.48.jar;C:\Users\Prabhat Rai\.m2\repository\org\beanshell\bsh\2.0b4\bsh-2.0b4.jar;C:\Users\Prabhat Rai\.m2\repository\org\springframework\spring-test\5.2.7.RELEASE\spring-test-5.2.7.RELEASE.jar;"/>
    <property name="java.vm.vendor" value="Oracle Corporation"/>
    <property name="sun.arch.data.model" value="64"/>
    <property name="user.variant" value=""/>
    <property name="java.vendor.url" value="https://java.oracle.com/"/>
    <property name="user.timezone" value="Asia/Calcutta"/>
    <property name="os.name" value="Windows 10"/>
    <property name="java.vm.specification.version" value="18"/>
    <property name="sun.java.launcher" value="SUN_STANDARD"/>
    <property name="user.country" value="IN"/>
    <property name="sun.boot.library.path" value="C:\Program Files\Java\jdk-18\bin"/>
    <property name="sun.java.command" value="C:\Users\PRABHA~1\AppData\Local\Temp\surefire16126215558203925413\surefirebooter12442835968784889167.jar C:\Users\Prabhat Rai\AppData\Local\Temp\surefire16126215558203925413 2022-06-25T23-10-13_239-jvmRun1 surefire16067977786751118694tmp surefire_011011495545903299152tmp"/>
    <property name="jdk.debug" value="release"/>
    <property name="surefire.test.class.path" value="C:\Users\Prabhat Rai\Downloads\AgeCalculator\target\test-classes;C:\Users\Prabhat Rai\Downloads\AgeCalculator\target\classes;C:\Users\Prabhat Rai\.m2\repository\junit\junit\4.13\junit-4.13.jar;C:\Users\Prabhat Rai\.m2\repository\org\hamcrest\hamcrest-core\2.2\hamcrest-core-2.2.jar;C:\Users\Prabhat Rai\.m2\repository\org\hamcrest\hamcrest\2.2\hamcrest-2.2.jar;C:\Users\Prabhat Rai\.m2\repository\org\assertj\assertj-core\3.16.1\assertj-core-3.16.1.jar;C:\Users\Prabhat Rai\.m2\repository\org\hibernate\hibernate-validator\5.1.3.Final\hibernate-validator-5.1.3.Final.jar;C:\Users\Prabhat Rai\.m2\repository\javax\validation\validation-api\2.0.1.Final\validation-api-2.0.1.Final.jar;C:\Users\Prabhat Rai\.m2\repository\org\jboss\logging\jboss-logging\3.4.1.Final\jboss-logging-3.4.1.Final.jar;C:\Users\Prabhat Rai\.m2\repository\com\fasterxml\classmate\1.5.1\classmate-1.5.1.jar;C:\Users\Prabhat Rai\.m2\repository\org\springframework\spring-webmvc\5.2.7.RELEASE\spring-webmvc-5.2.7.RELEASE.jar;C:\Users\Prabhat Rai\.m2\repository\org\springframework\spring-aop\5.2.7.RELEASE\spring-aop-5.2.7.RELEASE.jar;C:\Users\Prabhat Rai\.m2\repository\org\springframework\spring-beans\5.2.7.RELEASE\spring-beans-5.2.7.RELEASE.jar;C:\Users\Prabhat Rai\.m2\repository\org\springframework\spring-context\5.2.7.RELEASE\spring-context-5.2.7.RELEASE.jar;C:\Users\Prabhat Rai\.m2\repository\org\springframework\spring-core\5.2.7.RELEASE\spring-core-5.2.7.RELEASE.jar;C:\Users\Prabhat Rai\.m2\repository\org\springframework\spring-jcl\5.2.7.RELEASE\spring-jcl-5.2.7.RELEASE.jar;C:\Users\Prabhat Rai\.m2\repository\org\springframework\spring-expression\5.2.7.RELEASE\spring-expression-5.2.7.RELEASE.jar;C:\Users\Prabhat Rai\.m2\repository\org\springframework\spring-web\5.2.7.RELEASE\spring-web-5.2.7.RELEASE.jar;C:\Users\Prabhat Rai\.m2\repository\javax\servlet\javax.servlet-api\4.0.1\javax.servlet-api-4.0.1.jar;C:\Users\Prabhat Rai\.m2\repository\javax\servlet\jstl\1.2\jstl-1.2.jar;C:\Users\Prabhat Rai\.m2\repository\org\mockito\mockito-all\1.10.19\mockito-all-1.10.19.jar;C:\Users\Prabhat Rai\.m2\repository\org\seleniumhq\selenium\selenium-java\3.141.59\selenium-java-3.141.59.jar;C:\Users\Prabhat Rai\.m2\repository\org\seleniumhq\selenium\selenium-api\3.141.59\selenium-api-3.141.59.jar;C:\Users\Prabhat Rai\.m2\repository\org\seleniumhq\selenium\selenium-chrome-driver\3.141.59\selenium-chrome-driver-3.141.59.jar;C:\Users\Prabhat Rai\.m2\repository\org\seleniumhq\selenium\selenium-edge-driver\3.141.59\selenium-edge-driver-3.141.59.jar;C:\Users\Prabhat Rai\.m2\repository\org\seleniumhq\selenium\selenium-firefox-driver\3.141.59\selenium-firefox-driver-3.141.59.jar;C:\Users\Prabhat Rai\.m2\repository\org\seleniumhq\selenium\selenium-ie-driver\3.141.59\selenium-ie-driver-3.141.59.jar;C:\Users\Prabhat Rai\.m2\repository\org\seleniumhq\selenium\selenium-opera-driver\3.141.59\selenium-opera-driver-3.141.59.jar;C:\Users\Prabhat Rai\.m2\repository\org\seleniumhq\selenium\selenium-remote-driver\3.141.59\selenium-remote-driver-3.141.59.jar;C:\Users\Prabhat Rai\.m2\repository\org\seleniumhq\selenium\selenium-safari-driver\3.141.59\selenium-safari-driver-3.141.59.jar;C:\Users\Prabhat Rai\.m2\repository\org\seleniumhq\selenium\selenium-support\3.141.59\selenium-support-3.141.59.jar;C:\Users\Prabhat Rai\.m2\repository\net\bytebuddy\byte-buddy\1.10.11\byte-buddy-1.10.11.jar;C:\Users\Prabhat Rai\.m2\repository\org\apache\commons\commons-exec\1.3\commons-exec-1.3.jar;C:\Users\Prabhat Rai\.m2\repository\com\google\guava\guava\25.0-jre\guava-25.0-jre.jar;C:\Users\Prabhat Rai\.m2\repository\com\google\code\findbugs\jsr305\1.3.9\jsr305-1.3.9.jar;C:\Users\Prabhat Rai\.m2\repository\org\checkerframework\checker-compat-qual\2.0.0\checker-compat-qual-2.0.0.jar;C:\Users\Prabhat Rai\.m2\repository\com\google\errorprone\error_prone_annotations\2.1.3\error_prone_annotations-2.1.3.jar;C:\Users\Prabhat Rai\.m2\repository\com\google\j2objc\j2objc-annotations\1.1\j2objc-annotations-1.1.jar;C:\Users\Prabhat Rai\.m2\repository\org\codehaus\mojo\animal-sniffer-annotations\1.14\animal-sniffer-annotations-1.14.jar;C:\Users\Prabhat Rai\.m2\repository\com\squareup\okhttp3\okhttp\3.14.9\okhttp-3.14.9.jar;C:\Users\Prabhat Rai\.m2\repository\com\squareup\okio\okio\1.14.0\okio-1.14.0.jar;C:\Users\Prabhat Rai\.m2\repository\org\seleniumhq\selenium\selenium-htmlunit-driver\2.52.0\selenium-htmlunit-driver-2.52.0.jar;C:\Users\Prabhat Rai\.m2\repository\net\sourceforge\htmlunit\htmlunit\2.40.0\htmlunit-2.40.0.jar;C:\Users\Prabhat Rai\.m2\repository\xalan\xalan\2.7.2\xalan-2.7.2.jar;C:\Users\Prabhat Rai\.m2\repository\xalan\serializer\2.7.2\serializer-2.7.2.jar;C:\Users\Prabhat Rai\.m2\repository\org\apache\commons\commons-lang3\3.10\commons-lang3-3.10.jar;C:\Users\Prabhat Rai\.m2\repository\org\apache\commons\commons-text\1.8\commons-text-1.8.jar;C:\Users\Prabhat Rai\.m2\repository\org\apache\httpcomponents\httpmime\4.5.12\httpmime-4.5.12.jar;C:\Users\Prabhat Rai\.m2\repository\net\sourceforge\htmlunit\htmlunit-core-js\2.40.0\htmlunit-core-js-2.40.0.jar;C:\Users\Prabhat Rai\.m2\repository\net\sourceforge\htmlunit\neko-htmlunit\2.40.0\neko-htmlunit-2.40.0.jar;C:\Users\Prabhat Rai\.m2\repository\xerces\xercesImpl\2.12.0\xercesImpl-2.12.0.jar;C:\Users\Prabhat Rai\.m2\repository\xml-apis\xml-apis\1.4.01\xml-apis-1.4.01.jar;C:\Users\Prabhat Rai\.m2\repository\net\sourceforge\htmlunit\htmlunit-cssparser\1.5.0\htmlunit-cssparser-1.5.0.jar;C:\Users\Prabhat Rai\.m2\repository\commons-io\commons-io\2.6\commons-io-2.6.jar;C:\Users\Prabhat Rai\.m2\repository\commons-net\commons-net\3.6\commons-net-3.6.jar;C:\Users\Prabhat Rai\.m2\repository\org\brotli\dec\0.1.2\dec-0.1.2.jar;C:\Users\Prabhat Rai\.m2\repository\com\shapesecurity\salvation\2.7.1\salvation-2.7.1.jar;C:\Users\Prabhat Rai\.m2\repository\org\eclipse\jetty\websocket\websocket-client\9.4.29.v20200521\websocket-client-9.4.29.v20200521.jar;C:\Users\Prabhat Rai\.m2\repository\org\eclipse\jetty\jetty-client\9.4.29.v20200521\jetty-client-9.4.29.v20200521.jar;C:\Users\Prabhat Rai\.m2\repository\org\eclipse\jetty\jetty-http\9.4.29.v20200521\jetty-http-9.4.29.v20200521.jar;C:\Users\Prabhat Rai\.m2\repository\org\eclipse\jetty\jetty-xml\9.4.29.v20200521\jetty-xml-9.4.29.v20200521.jar;C:\Users\Prabhat Rai\.m2\repository\org\eclipse\jetty\jetty-util\9.4.29.v20200521\jetty-util-9.4.29.v20200521.jar;C:\Users\Prabhat Rai\.m2\repository\org\eclipse\jetty\jetty-io\9.4.29.v20200521\jetty-io-9.4.29.v20200521.jar;C:\Users\Prabhat Rai\.m2\repository\org\eclipse\jetty\websocket\websocket-common\9.4.29.v20200521\websocket-common-9.4.29.v20200521.jar;C:\Users\Prabhat Rai\.m2\repository\org\eclipse\jetty\websocket\websocket-api\9.4.29.v20200521\websocket-api-9.4.29.v20200521.jar;C:\Users\Prabhat Rai\.m2\repository\commons-collections\commons-collections\3.2.2\commons-collections-3.2.2.jar;C:\Users\Prabhat Rai\.m2\repository\org\apache\httpcomponents\httpclient\4.5.12\httpclient-4.5.12.jar;C:\Users\Prabhat Rai\.m2\repository\org\apache\httpcomponents\httpcore\4.4.13\httpcore-4.4.13.jar;C:\Users\Prabhat Rai\.m2\repository\commons-codec\commons-codec\1.14\commons-codec-1.14.jar;C:\Users\Prabhat Rai\.m2\repository\org\testng\testng\6.9.10\testng-6.9.10.jar;C:\Users\Prabhat Rai\.m2\repository\com\beust\jcommander\1.48\jcommander-1.48.jar;C:\Users\Prabhat Rai\.m2\repository\org\beanshell\bsh\2.0b4\bsh-2.0b4.jar;C:\Users\Prabhat Rai\.m2\repository\org\springframework\spring-test\5.2.7.RELEASE\spring-test-5.2.7.RELEASE.jar;"/>
    <property name="sun.cpu.endian" value="little"/>
    <property name="user.home" value="C:\Users\Prabhat Rai"/>
    <property name="user.language" value="en"/>
    <property name="java.specification.vendor" value="Oracle Corporation"/>
    <property name="java.version.date" value="2022-03-22"/>
    <property name="java.home" value="C:\Program Files\Java\jdk-18"/>
    <property name="file.separator" value="\"/>
    <property name="basedir" value="C:\Users\Prabhat Rai\Downloads\AgeCalculator"/>
    <property name="java.vm.compressedOopsMode" value="32-bit"/>
    <property name="line.separator" value="&#10;"/>
    <property name="java.vm.specification.vendor" value="Oracle Corporation"/>
    <property name="java.specification.name" value="Java Platform API Specification"/>
    <property name="surefire.real.class.path" value="C:\Users\PRABHA~1\AppData\Local\Temp\surefire16126215558203925413\surefirebooter12442835968784889167.jar"/>
    <property name="user.script" value=""/>
    <property name="sun.management.compiler" value="HotSpot 64-Bit Tiered Compilers"/>
    <property name="java.runtime.version" value="18+36-2087"/>
    <property name="user.name" value="Prabhat Rai"/>
    <property name="path.separator" value=";"/>
    <property name="os.version" value="10.0"/>
    <property name="java.runtime.name" value="Java(TM) SE Runtime Environment"/>
    <property name="file.encoding" value="UTF-8"/>
    <property name="java.vm.name" value="Java HotSpot(TM) 64-Bit Server VM"/>
    <property name="localRepository" value="C:\Users\Prabhat Rai\.m2\repository"/>
    <property name="java.vendor.url.bug" value="https://bugreport.java.com/bugreport/"/>
    <property name="java.io.tmpdir" value="C:\Users\PRABHA~1\AppData\Local\Temp\"/>
    <property name="java.version" value="18"/>
    <property name="user.dir" value="C:\Users\Prabhat Rai\Downloads\AgeCalculator"/>
    <property name="os.arch" value="amd64"/>
    <property name="java.vm.specification.name" value="Java Virtual Machine Specification"/>
    <property name="sun.os.patch.level" value=""/>
    <property name="native.encoding" value="Cp1252"/>
    <property name="java.library.path" value="C:\Program Files\Java\jdk-18\bin;C:\WINDOWS\Sun\Java\bin;C:\WINDOWS\system32;C:\WINDOWS;C:\Python39\Scripts\;C:\Python39\;C:\Program Files\Common Files\Oracle\Java\javapath;C:\WINDOWS\system32;C:\WINDOWS;C:\WINDOWS\System32\Wbem;C:\WINDOWS\System32\WindowsPowerShell\v1.0\;C:\WINDOWS\System32\OpenSSH\;C:\Program Files\dotnet\;C:\Program Files (x86)\dotnet\;C:\Program Files\Java\jdk-18\bin;C:\Program Files\Intel\WiFi\bin\;C:\Program Files\Common Files\Intel\WirelessCommon\;C:\Program Files\Git\cmd;C:\Program Files\nodejs\;C:\ProgramData\chocolatey\bin;C:\Program Files\Microsoft SQL Server\Client SDK\ODBC\170\Tools\Binn\;C:\Program Files (x86)\Microsoft SQL Server\150\Tools\Binn\;C:\Program Files\Microsoft SQL Server\150\Tools\Binn\;C:\Program Files\Microsoft SQL Server\150\DTS\Binn\;C:\Program Files\MongoDB\Server\5.0\bin;C:\Program Files (x86)\Google;C:\apache-maven-3.8.5\bin;C:\sonarqube-9.4.0.54424\bin\windows-x86-64;;C:\Program Files\Docker\Docker\resources\bin;C:\ProgramData\DockerDesktop\version-bin;C:\Program Files\Amazon\AWSCLIV2\;C:\Program Files\PuTTY\;C:\Program Files\MySQL\MySQL Shell 8.0\bin\;C:\Users\Prabhat Rai\Anaconda3;C:\Users\Prabhat Rai\Anaconda3\Library\mingw-w64\bin;C:\Users\Prabhat Rai\Anaconda3\Library\usr\bin;C:\Users\Prabhat Rai\Anaconda3\Library\bin;C:\Users\Prabhat Rai\Anaconda3\Scripts;C:\Users\Prabhat Rai\AppData\Local\Microsoft\WindowsApps;C:\Program Files\JetBrains\PyCharm Community Edition 2021.1\bin;;C:\Program Files\JetBrains\IntelliJ IDEA Community Edition 2021.1\bin;;C:\Users\Prabhat Rai\AppData\Local\Programs\Microsoft VS Code\bin;C:\Users\Prabhat Rai\.dotnet\tools;C:\Users\Prabhat Rai\AppData\Roaming\npm;;."/>
    <property name="java.vm.info" value="mixed mode, sharing"/>
    <property name="java.vendor" value="Oracle Corporation"/>
    <property name="java.vm.version" value="18+36-2087"/>
    <property name="sun.io.unicode.encoding" value="UnicodeLittle"/>
    <property name="java.class.version" value="62.0"/>
  </properties>
  <testcase name="testCalculateAgeCorrectDate on testCalculateAgeCorrectDate(com.cognizant.AgeTests)" classname="com.cognizant.AgeTests" time="0.198">
    <failure type="java.lang.ExceptionInInitializerError">java.lang.ExceptionInInitializerError
	at com.cognizant.AgeTests.setUp(AgeTests.java:33)
Caused by: java.lang.reflect.InaccessibleObjectException: Unable to make protected final java.lang.Class java.lang.ClassLoader.defineClass(java.lang.String,byte[],int,int,java.security.ProtectionDomain) throws java.lang.ClassFormatError accessible: module java.base does not "opens java.lang" to unnamed module @3498ed
	at com.cognizant.AgeTests.setUp(AgeTests.java:33)
</failure>
  </testcase>
  <testcase name="testCalculateAgeInvalidDate on testCalculateAgeInvalidDate(com.cognizant.AgeTests)" classname="com.cognizant.AgeTests" time="0">
    <failure message="Could not initialize class org.mockito.internal.creation.cglib.ClassImposterizer$3" type="java.lang.NoClassDefFoundError">java.lang.NoClassDefFoundError: Could not initialize class org.mockito.internal.creation.cglib.ClassImposterizer$3
	at com.cognizant.AgeTests.setUp(AgeTests.java:33)
Caused by: java.lang.ExceptionInInitializerError: Exception java.lang.ExceptionInInitializerError [in thread "main"]
	at com.cognizant.AgeTests.setUp(AgeTests.java:33)
</failure>
  </testcase>
  <testcase name="testAgeCalculatorServlet on testAgeCalculatorServlet(com.cognizant.AgeTests)" classname="com.cognizant.AgeTests" time="0.004">
    <failure message="Could not initialize class org.mockito.internal.creation.cglib.ClassImposterizer$3" type="java.lang.NoClassDefFoundError">java.lang.NoClassDefFoundError: Could not initialize class org.mockito.internal.creation.cglib.ClassImposterizer$3
	at com.cognizant.AgeTests.setUp(AgeTests.java:33)
Caused by: java.lang.ExceptionInInitializerError: Exception java.lang.ExceptionInInitializerError [in thread "main"]
	at com.cognizant.AgeTests.setUp(AgeTests.java:33)
</failure>
  </testcase>
</testsuite>